<?xml version="1.0" encoding="UTF-8"?>
<testng-results ignored="0" total="1" passed="1" failed="0" skipped="0">
  <reporter-output>
  </reporter-output>
  <suite started-at="2023-08-30T20:10:34 IST" name="Suite" finished-at="2023-08-30T20:10:54 IST" duration-ms="20269">
    <groups>
    </groups>
    <test started-at="2023-08-30T20:10:34 IST" name="Test 1" finished-at="2023-08-30T20:10:54 IST" duration-ms="20269">
      <class name="Tests.Login">
        <test-method is-config="true" signature="setUp(java.lang.String)[pri:0, instance:Tests.Login@1bb5a082]" started-at="2023-08-30T20:10:34 IST" name="setUp" finished-at="2023-08-30T20:10:34 IST" duration-ms="43" status="PASS">
          <params>
            <param index="0">
              <value>
                <![CDATA[https://emcamobileappmgmt.azurewebsites.net/okta]]>
              </value>
            </param>
          </params>
          <reporter-output>
          </reporter-output>
        </test-method> <!-- setUp -->
        <test-method signature="TC_1_Login(java.lang.String)[pri:0, instance:Tests.Login@1bb5a082]" started-at="2023-08-30T20:10:34 IST" name="TC_1_Login" finished-at="2023-08-30T20:10:54 IST" duration-ms="20238" status="PASS">
          <params>
            <param index="0">
              <value>
                <![CDATA[chrome]]>
              </value>
            </param>
          </params>
          <reporter-output>
          </reporter-output>
        </test-method> <!-- TC_1_Login -->
      </class> <!-- Tests.Login -->
    </test> <!-- Test 1 -->
  </suite> <!-- Suite -->
</testng-results>
